mode: atomic
github.com/sherifabdlnaby/kube-cluster-binpacking-exporter/collector.go:64.102,69.48 3 20
github.com/sherifabdlnaby/kube-cluster-binpacking-exporter/collector.go:69.48,70.60 1 24
github.com/sherifabdlnaby/kube-cluster-binpacking-exporter/collector.go:70.60,74.4 3 21
github.com/sherifabdlnaby/kube-cluster-binpacking-exporter/collector.go:76.2,81.52 4 20
github.com/sherifabdlnaby/kube-cluster-binpacking-exporter/collector.go:81.52,82.60 1 9
github.com/sherifabdlnaby/kube-cluster-binpacking-exporter/collector.go:82.60,84.21 2 9
github.com/sherifabdlnaby/kube-cluster-binpacking-exporter/collector.go:84.21,87.5 2 8
github.com/sherifabdlnaby/kube-cluster-binpacking-exporter/collector.go:88.4,88.32 1 9
github.com/sherifabdlnaby/kube-cluster-binpacking-exporter/collector.go:91.2,95.26 3 20
github.com/sherifabdlnaby/kube-cluster-binpacking-exporter/collector.go:95.26,99.3 3 6
github.com/sherifabdlnaby/kube-cluster-binpacking-exporter/collector.go:100.2,101.28 2 14
github.com/sherifabdlnaby/kube-cluster-binpacking-exporter/collector.go:120.24,128.2 1 12
github.com/sherifabdlnaby/kube-cluster-binpacking-exporter/collector.go:130.68,138.2 7 1
github.com/sherifabdlnaby/kube-cluster-binpacking-exporter/collector.go:140.68,142.23 1 11
github.com/sherifabdlnaby/kube-cluster-binpacking-exporter/collector.go:142.23,145.3 2 1
github.com/sherifabdlnaby/kube-cluster-binpacking-exporter/collector.go:147.2,148.16 2 11
github.com/sherifabdlnaby/kube-cluster-binpacking-exporter/collector.go:148.16,151.3 2 1
github.com/sherifabdlnaby/kube-cluster-binpacking-exporter/collector.go:153.2,154.16 2 10
github.com/sherifabdlnaby/kube-cluster-binpacking-exporter/collector.go:154.16,157.3 2 1
github.com/sherifabdlnaby/kube-cluster-binpacking-exporter/collector.go:159.2,164.27 4 9
github.com/sherifabdlnaby/kube-cluster-binpacking-exporter/collector.go:164.27,165.30 1 15
github.com/sherifabdlnaby/kube-cluster-binpacking-exporter/collector.go:165.30,168.12 3 2
github.com/sherifabdlnaby/kube-cluster-binpacking-exporter/collector.go:170.3,170.86 1 13
github.com/sherifabdlnaby/kube-cluster-binpacking-exporter/collector.go:170.86,173.12 3 4
github.com/sherifabdlnaby/kube-cluster-binpacking-exporter/collector.go:175.3,175.77 1 9
github.com/sherifabdlnaby/kube-cluster-binpacking-exporter/collector.go:178.2,178.49 1 9
github.com/sherifabdlnaby/kube-cluster-binpacking-exporter/collector.go:178.49,180.3 1 4
github.com/sherifabdlnaby/kube-cluster-binpacking-exporter/collector.go:183.2,186.29 3 9
github.com/sherifabdlnaby/kube-cluster-binpacking-exporter/collector.go:186.29,191.35 3 10
github.com/sherifabdlnaby/kube-cluster-binpacking-exporter/collector.go:191.35,199.33 3 12
github.com/sherifabdlnaby/kube-cluster-binpacking-exporter/collector.go:199.33,203.65 3 12
github.com/sherifabdlnaby/kube-cluster-binpacking-exporter/collector.go:203.65,204.26 1 1
github.com/sherifabdlnaby/kube-cluster-binpacking-exporter/collector.go:204.26,212.7 1 1
github.com/sherifabdlnaby/kube-cluster-binpacking-exporter/collector.go:212.12,219.7 1 0
github.com/sherifabdlnaby/kube-cluster-binpacking-exporter/collector.go:224.4,225.51 2 12
github.com/sherifabdlnaby/kube-cluster-binpacking-exporter/collector.go:225.51,227.5 1 11
github.com/sherifabdlnaby/kube-cluster-binpacking-exporter/collector.go:230.4,231.23 2 12
github.com/sherifabdlnaby/kube-cluster-binpacking-exporter/collector.go:231.23,233.5 1 11
github.com/sherifabdlnaby/kube-cluster-binpacking-exporter/collector.go:235.4,247.48 6 12
github.com/sherifabdlnaby/kube-cluster-binpacking-exporter/collector.go:252.2,252.34 1 9
github.com/sherifabdlnaby/kube-cluster-binpacking-exporter/collector.go:252.34,258.22 5 10
github.com/sherifabdlnaby/kube-cluster-binpacking-exporter/collector.go:258.22,260.4 1 9
github.com/sherifabdlnaby/kube-cluster-binpacking-exporter/collector.go:262.3,270.96 4 10
github.com/sherifabdlnaby/kube-cluster-binpacking-exporter/kubernetes.go:31.199,33.16 2 0
github.com/sherifabdlnaby/kube-cluster-binpacking-exporter/kubernetes.go:33.16,35.3 1 0
github.com/sherifabdlnaby/kube-cluster-binpacking-exporter/kubernetes.go:37.2,44.16 3 0
github.com/sherifabdlnaby/kube-cluster-binpacking-exporter/kubernetes.go:44.16,46.3 1 0
github.com/sherifabdlnaby/kube-cluster-binpacking-exporter/kubernetes.go:49.2,51.16 3 0
github.com/sherifabdlnaby/kube-cluster-binpacking-exporter/kubernetes.go:51.16,53.3 1 0
github.com/sherifabdlnaby/kube-cluster-binpacking-exporter/kubernetes.go:54.2,64.42 5 0
github.com/sherifabdlnaby/kube-cluster-binpacking-exporter/kubernetes.go:64.42,66.35 1 0
github.com/sherifabdlnaby/kube-cluster-binpacking-exporter/kubernetes.go:66.35,69.5 2 0
github.com/sherifabdlnaby/kube-cluster-binpacking-exporter/kubernetes.go:70.49,73.5 2 0
github.com/sherifabdlnaby/kube-cluster-binpacking-exporter/kubernetes.go:74.38,77.5 2 0
github.com/sherifabdlnaby/kube-cluster-binpacking-exporter/kubernetes.go:80.3,81.35 1 0
github.com/sherifabdlnaby/kube-cluster-binpacking-exporter/kubernetes.go:81.35,84.5 2 0
github.com/sherifabdlnaby/kube-cluster-binpacking-exporter/kubernetes.go:85.49,88.5 2 0
github.com/sherifabdlnaby/kube-cluster-binpacking-exporter/kubernetes.go:89.38,92.5 2 0
github.com/sherifabdlnaby/kube-cluster-binpacking-exporter/kubernetes.go:96.2,106.12 7 0
github.com/sherifabdlnaby/kube-cluster-binpacking-exporter/kubernetes.go:106.12,109.7 3 0
github.com/sherifabdlnaby/kube-cluster-binpacking-exporter/kubernetes.go:109.7,110.11 1 0
github.com/sherifabdlnaby/kube-cluster-binpacking-exporter/kubernetes.go:111.20,114.55 1 0
github.com/sherifabdlnaby/kube-cluster-binpacking-exporter/kubernetes.go:115.26,116.11 1 0
github.com/sherifabdlnaby/kube-cluster-binpacking-exporter/kubernetes.go:121.2,121.114 1 0
github.com/sherifabdlnaby/kube-cluster-binpacking-exporter/kubernetes.go:121.114,123.3 1 0
github.com/sherifabdlnaby/kube-cluster-binpacking-exporter/kubernetes.go:125.2,128.30 2 0
github.com/sherifabdlnaby/kube-cluster-binpacking-exporter/kubernetes.go:128.30,130.3 1 0
github.com/sherifabdlnaby/kube-cluster-binpacking-exporter/kubernetes.go:133.2,140.59 2 0
github.com/sherifabdlnaby/kube-cluster-binpacking-exporter/kubernetes.go:143.71,144.26 1 0
github.com/sherifabdlnaby/kube-cluster-binpacking-exporter/kubernetes.go:144.26,147.3 2 0
github.com/sherifabdlnaby/kube-cluster-binpacking-exporter/kubernetes.go:150.2,150.43 1 0
github.com/sherifabdlnaby/kube-cluster-binpacking-exporter/kubernetes.go:150.43,152.78 2 0
github.com/sherifabdlnaby/kube-cluster-binpacking-exporter/kubernetes.go:152.78,154.4 1 0
github.com/sherifabdlnaby/kube-cluster-binpacking-exporter/kubernetes.go:158.2,159.31 2 0
github.com/sherifabdlnaby/kube-cluster-binpacking-exporter/main.go:22.13,41.11 10 0
github.com/sherifabdlnaby/kube-cluster-binpacking-exporter/main.go:41.11,43.3 1 0
github.com/sherifabdlnaby/kube-cluster-binpacking-exporter/main.go:44.2,51.16 6 0
github.com/sherifabdlnaby/kube-cluster-binpacking-exporter/main.go:51.16,54.3 2 0
github.com/sherifabdlnaby/kube-cluster-binpacking-exporter/main.go:55.2,61.16 5 0
github.com/sherifabdlnaby/kube-cluster-binpacking-exporter/main.go:61.16,64.3 2 0
github.com/sherifabdlnaby/kube-cluster-binpacking-exporter/main.go:66.2,73.67 5 0
github.com/sherifabdlnaby/kube-cluster-binpacking-exporter/main.go:73.67,74.24 1 0
github.com/sherifabdlnaby/kube-cluster-binpacking-exporter/main.go:74.24,77.4 2 0
github.com/sherifabdlnaby/kube-cluster-binpacking-exporter/main.go:78.3,93.45 3 0
github.com/sherifabdlnaby/kube-cluster-binpacking-exporter/main.go:96.2,99.74 2 0
github.com/sherifabdlnaby/kube-cluster-binpacking-exporter/main.go:99.74,102.3 2 0
github.com/sherifabdlnaby/kube-cluster-binpacking-exporter/main.go:105.2,105.73 1 0
github.com/sherifabdlnaby/kube-cluster-binpacking-exporter/main.go:105.73,106.21 1 0
github.com/sherifabdlnaby/kube-cluster-binpacking-exporter/main.go:106.21,109.4 2 0
github.com/sherifabdlnaby/kube-cluster-binpacking-exporter/main.go:109.9,112.4 2 0
github.com/sherifabdlnaby/kube-cluster-binpacking-exporter/main.go:116.2,116.71 1 0
github.com/sherifabdlnaby/kube-cluster-binpacking-exporter/main.go:116.71,131.3 3 0
github.com/sherifabdlnaby/kube-cluster-binpacking-exporter/main.go:133.2,139.12 2 0
github.com/sherifabdlnaby/kube-cluster-binpacking-exporter/main.go:139.12,141.77 2 0
github.com/sherifabdlnaby/kube-cluster-binpacking-exporter/main.go:141.77,144.4 2 0
github.com/sherifabdlnaby/kube-cluster-binpacking-exporter/main.go:147.2,152.50 5 0
github.com/sherifabdlnaby/kube-cluster-binpacking-exporter/main.go:152.50,154.3 1 0
github.com/sherifabdlnaby/kube-cluster-binpacking-exporter/main.go:157.55,160.26 3 6
github.com/sherifabdlnaby/kube-cluster-binpacking-exporter/main.go:160.26,162.14 2 11
github.com/sherifabdlnaby/kube-cluster-binpacking-exporter/main.go:162.14,164.4 1 7
github.com/sherifabdlnaby/kube-cluster-binpacking-exporter/main.go:166.2,166.18 1 6
